2019-08-28 15:57:36,188 INFO org.springframework.boot.StartupInfoLogger [main] Starting DependencyBuilderApplication on US5036NB with PID 31135 (/Users/kaimalrk/Learn/github/dependencytreebuilder/target/classes started by kaimalrk in /Users/kaimalrk/Learn/github/dependencytreebuilder)
2019-08-28 15:57:36,193 INFO org.springframework.boot.SpringApplication [main] No active profile set, falling back to default profiles: default
2019-08-28 15:57:37,087 INFO org.springframework.boot.web.embedded.tomcat.TomcatWebServer [main] Tomcat initialized with port(s): 8080 (http)
2019-08-28 15:57:37,100 INFO org.apache.juli.logging.DirectJDKLog [main] Initializing ProtocolHandler ["http-nio-8080"]
2019-08-28 15:57:37,107 INFO org.apache.juli.logging.DirectJDKLog [main] Starting service [Tomcat]
2019-08-28 15:57:37,107 INFO org.apache.juli.logging.DirectJDKLog [main] Starting Servlet engine: [Apache Tomcat/9.0.22]
2019-08-28 15:57:37,183 INFO org.apache.juli.logging.DirectJDKLog [main] Initializing Spring embedded WebApplicationContext
2019-08-28 15:57:37,183 INFO org.springframework.boot.web.servlet.context.ServletWebServerApplicationContext [main] Root WebApplicationContext: initialization completed in 932 ms
2019-08-28 15:57:37,364 INFO org.springframework.scheduling.concurrent.ExecutorConfigurationSupport [main] Initializing ExecutorService 'applicationTaskExecutor'
2019-08-28 15:57:37,514 INFO org.apache.juli.logging.DirectJDKLog [main] Starting ProtocolHandler ["http-nio-8080"]
2019-08-28 15:57:37,543 INFO org.springframework.boot.web.embedded.tomcat.TomcatWebServer [main] Tomcat started on port(s): 8080 (http) with context path '/deptree'
2019-08-28 15:57:37,546 INFO org.springframework.boot.StartupInfoLogger [main] Started DependencyBuilderApplication in 1.882 seconds (JVM running for 2.405)
2019-08-28 16:00:53,320 INFO org.apache.juli.logging.DirectJDKLog [http-nio-8080-exec-2] Initializing Spring DispatcherServlet 'dispatcherServlet'
2019-08-28 16:00:53,321 INFO org.springframework.web.servlet.FrameworkServlet [http-nio-8080-exec-2] Initializing Servlet 'dispatcherServlet'
2019-08-28 16:00:53,327 INFO org.springframework.web.servlet.FrameworkServlet [http-nio-8080-exec-2] Completed initialization in 6 ms
2019-08-28 16:01:56,408 INFO org.springframework.scheduling.concurrent.ExecutorConfigurationSupport [Thread-6] Shutting down ExecutorService 'applicationTaskExecutor'
2019-08-28 16:02:01,349 INFO org.springframework.boot.StartupInfoLogger [main] Starting DependencyBuilderApplication on US5036NB with PID 31952 (/Users/kaimalrk/Learn/github/dependencytreebuilder/target/classes started by kaimalrk in /Users/kaimalrk/Learn/github/dependencytreebuilder)
2019-08-28 16:02:01,353 INFO org.springframework.boot.SpringApplication [main] No active profile set, falling back to default profiles: default
2019-08-28 16:02:02,112 INFO org.springframework.boot.web.embedded.tomcat.TomcatWebServer [main] Tomcat initialized with port(s): 8080 (http)
2019-08-28 16:02:02,124 INFO org.apache.juli.logging.DirectJDKLog [main] Initializing ProtocolHandler ["http-nio-8080"]
2019-08-28 16:02:02,134 INFO org.apache.juli.logging.DirectJDKLog [main] Starting service [Tomcat]
2019-08-28 16:02:02,135 INFO org.apache.juli.logging.DirectJDKLog [main] Starting Servlet engine: [Apache Tomcat/9.0.22]
2019-08-28 16:02:02,191 INFO org.apache.juli.logging.DirectJDKLog [main] Initializing Spring embedded WebApplicationContext
2019-08-28 16:02:02,192 INFO org.springframework.boot.web.servlet.context.ServletWebServerApplicationContext [main] Root WebApplicationContext: initialization completed in 790 ms
2019-08-28 16:02:02,353 INFO org.springframework.scheduling.concurrent.ExecutorConfigurationSupport [main] Initializing ExecutorService 'applicationTaskExecutor'
2019-08-28 16:02:02,486 INFO org.apache.juli.logging.DirectJDKLog [main] Starting ProtocolHandler ["http-nio-8080"]
2019-08-28 16:02:02,513 INFO org.springframework.boot.web.embedded.tomcat.TomcatWebServer [main] Tomcat started on port(s): 8080 (http) with context path '/deptree'
2019-08-28 16:02:02,517 INFO org.springframework.boot.StartupInfoLogger [main] Started DependencyBuilderApplication in 1.61 seconds (JVM running for 2.133)
2019-08-28 16:02:06,924 INFO org.apache.juli.logging.DirectJDKLog [http-nio-8080-exec-2] Initializing Spring DispatcherServlet 'dispatcherServlet'
2019-08-28 16:02:06,924 INFO org.springframework.web.servlet.FrameworkServlet [http-nio-8080-exec-2] Initializing Servlet 'dispatcherServlet'
2019-08-28 16:02:06,929 INFO org.springframework.web.servlet.FrameworkServlet [http-nio-8080-exec-2] Completed initialization in 5 ms
2019-08-28 16:02:06,983 INFO DependencyBuilderController [http-nio-8080-exec-2] handleInputFile
2019-08-28 16:03:01,635 INFO org.springframework.scheduling.concurrent.ExecutorConfigurationSupport [Thread-5] Shutting down ExecutorService 'applicationTaskExecutor'
2019-08-28 16:10:39,213 INFO org.springframework.boot.StartupInfoLogger [main] Starting DependencyBuilderApplication on US5036NB with PID 33564 (/Users/kaimalrk/Learn/github/dependencytreebuilder/target/classes started by kaimalrk in /Users/kaimalrk/Learn/github/dependencytreebuilder)
2019-08-28 16:10:39,218 INFO org.springframework.boot.SpringApplication [main] No active profile set, falling back to default profiles: default
2019-08-28 16:10:40,139 INFO org.springframework.boot.web.embedded.tomcat.TomcatWebServer [main] Tomcat initialized with port(s): 8080 (http)
2019-08-28 16:10:40,153 INFO org.apache.juli.logging.DirectJDKLog [main] Initializing ProtocolHandler ["http-nio-8080"]
2019-08-28 16:10:40,161 INFO org.apache.juli.logging.DirectJDKLog [main] Starting service [Tomcat]
2019-08-28 16:10:40,161 INFO org.apache.juli.logging.DirectJDKLog [main] Starting Servlet engine: [Apache Tomcat/9.0.22]
2019-08-28 16:10:40,236 INFO org.apache.juli.logging.DirectJDKLog [main] Initializing Spring embedded WebApplicationContext
2019-08-28 16:10:40,236 INFO org.springframework.boot.web.servlet.context.ServletWebServerApplicationContext [main] Root WebApplicationContext: initialization completed in 920 ms
2019-08-28 16:10:40,410 INFO org.springframework.scheduling.concurrent.ExecutorConfigurationSupport [main] Initializing ExecutorService 'applicationTaskExecutor'
2019-08-28 16:10:40,565 INFO org.apache.juli.logging.DirectJDKLog [main] Starting ProtocolHandler ["http-nio-8080"]
2019-08-28 16:10:40,593 INFO org.springframework.boot.web.embedded.tomcat.TomcatWebServer [main] Tomcat started on port(s): 8080 (http) with context path '/deptree'
2019-08-28 16:10:40,597 INFO org.springframework.boot.StartupInfoLogger [main] Started DependencyBuilderApplication in 1.939 seconds (JVM running for 2.418)
2019-08-28 16:11:34,994 INFO org.apache.juli.logging.DirectJDKLog [http-nio-8080-exec-1] Initializing Spring DispatcherServlet 'dispatcherServlet'
2019-08-28 16:11:34,995 INFO org.springframework.web.servlet.FrameworkServlet [http-nio-8080-exec-1] Initializing Servlet 'dispatcherServlet'
2019-08-28 16:11:35,005 INFO org.springframework.web.servlet.FrameworkServlet [http-nio-8080-exec-1] Completed initialization in 10 ms
2019-08-28 16:12:23,047 INFO com.dtbuilder.controller.DependencyBuilderController [http-nio-8080-exec-3] Entry - 1: handleInputFile
2019-08-28 16:12:50,842 INFO com.dtbuilder.controller.DependencyBuilderController [http-nio-8080-exec-4] Entry - 1: handleInputFile
2019-08-28 16:13:12,152 INFO com.dtbuilder.controller.DependencyBuilderController [http-nio-8080-exec-5] Entry: handleInputFile
2019-08-28 16:17:05,215 INFO com.dtbuilder.controller.DependencyBuilderController [http-nio-8080-exec-8] Entry: handleInputFile
2019-08-28 16:17:16,298 INFO org.springframework.scheduling.concurrent.ExecutorConfigurationSupport [Thread-6] Shutting down ExecutorService 'applicationTaskExecutor'
2019-08-28 16:18:22,118 INFO org.springframework.boot.StartupInfoLogger [main] Starting DependencyBuilderApplication on US5036NB with PID 35041 (/Users/kaimalrk/Learn/github/dependencytreebuilder/target/classes started by kaimalrk in /Users/kaimalrk/Learn/github/dependencytreebuilder)
2019-08-28 16:18:22,122 INFO org.springframework.boot.SpringApplication [main] No active profile set, falling back to default profiles: default
2019-08-28 16:18:22,920 INFO org.springframework.boot.web.embedded.tomcat.TomcatWebServer [main] Tomcat initialized with port(s): 8080 (http)
2019-08-28 16:18:22,931 INFO org.apache.juli.logging.DirectJDKLog [main] Initializing ProtocolHandler ["http-nio-8080"]
2019-08-28 16:18:22,940 INFO org.apache.juli.logging.DirectJDKLog [main] Starting service [Tomcat]
2019-08-28 16:18:22,940 INFO org.apache.juli.logging.DirectJDKLog [main] Starting Servlet engine: [Apache Tomcat/9.0.22]
2019-08-28 16:18:23,001 INFO org.apache.juli.logging.DirectJDKLog [main] Initializing Spring embedded WebApplicationContext
2019-08-28 16:18:23,001 INFO org.springframework.boot.web.servlet.context.ServletWebServerApplicationContext [main] Root WebApplicationContext: initialization completed in 812 ms
2019-08-28 16:18:23,186 INFO org.springframework.scheduling.concurrent.ExecutorConfigurationSupport [main] Initializing ExecutorService 'applicationTaskExecutor'
2019-08-28 16:18:23,324 INFO org.apache.juli.logging.DirectJDKLog [main] Starting ProtocolHandler ["http-nio-8080"]
2019-08-28 16:18:23,351 INFO org.springframework.boot.web.embedded.tomcat.TomcatWebServer [main] Tomcat started on port(s): 8080 (http) with context path '/deptree'
2019-08-28 16:18:23,355 INFO org.springframework.boot.StartupInfoLogger [main] Started DependencyBuilderApplication in 1.936 seconds (JVM running for 3.007)
2019-08-28 16:18:31,236 INFO org.apache.juli.logging.DirectJDKLog [http-nio-8080-exec-1] Initializing Spring DispatcherServlet 'dispatcherServlet'
2019-08-28 16:18:31,236 INFO org.springframework.web.servlet.FrameworkServlet [http-nio-8080-exec-1] Initializing Servlet 'dispatcherServlet'
2019-08-28 16:18:31,243 INFO org.springframework.web.servlet.FrameworkServlet [http-nio-8080-exec-1] Completed initialization in 6 ms
2019-08-28 16:18:31,287 INFO com.dtbuilder.controller.DependencyBuilderController [http-nio-8080-exec-1] Entry 1: handleInputFile
2019-08-28 16:18:40,767 INFO com.dtbuilder.controller.DependencyBuilderController [http-nio-8080-exec-3] Entry 1: handleInputFile
2019-08-28 16:18:52,209 INFO org.springframework.scheduling.concurrent.ExecutorConfigurationSupport [Thread-6] Shutting down ExecutorService 'applicationTaskExecutor'
2019-08-28 16:21:44,606 INFO org.springframework.boot.StartupInfoLogger [restartedMain] Starting DependencyBuilderApplication on US5036NB with PID 35703 (/Users/kaimalrk/Learn/github/dependencytreebuilder/target/classes started by kaimalrk in /Users/kaimalrk/Learn/github/dependencytreebuilder)
2019-08-28 16:21:44,610 INFO org.springframework.boot.SpringApplication [restartedMain] No active profile set, falling back to default profiles: default
2019-08-28 16:21:44,677 INFO org.springframework.boot.logging.DeferredLog [restartedMain] Devtools property defaults active! Set 'spring.devtools.add-properties' to 'false' to disable
2019-08-28 16:21:44,678 INFO org.springframework.boot.logging.DeferredLog [restartedMain] For additional web related logging consider setting the 'logging.level.web' property to 'DEBUG'
2019-08-28 16:21:45,702 INFO org.springframework.boot.web.embedded.tomcat.TomcatWebServer [restartedMain] Tomcat initialized with port(s): 8080 (http)
2019-08-28 16:21:45,717 INFO org.apache.juli.logging.DirectJDKLog [restartedMain] Initializing ProtocolHandler ["http-nio-8080"]
2019-08-28 16:21:45,725 INFO org.apache.juli.logging.DirectJDKLog [restartedMain] Starting service [Tomcat]
2019-08-28 16:21:45,725 INFO org.apache.juli.logging.DirectJDKLog [restartedMain] Starting Servlet engine: [Apache Tomcat/9.0.22]
2019-08-28 16:21:45,795 INFO org.apache.juli.logging.DirectJDKLog [restartedMain] Initializing Spring embedded WebApplicationContext
2019-08-28 16:21:45,795 INFO org.springframework.boot.web.servlet.context.ServletWebServerApplicationContext [restartedMain] Root WebApplicationContext: initialization completed in 1117 ms
2019-08-28 16:21:45,969 INFO org.springframework.scheduling.concurrent.ExecutorConfigurationSupport [restartedMain] Initializing ExecutorService 'applicationTaskExecutor'
2019-08-28 16:21:46,091 INFO org.springframework.boot.devtools.autoconfigure.OptionalLiveReloadServer [restartedMain] LiveReload server is running on port 35729
2019-08-28 16:21:46,114 INFO org.apache.juli.logging.DirectJDKLog [restartedMain] Starting ProtocolHandler ["http-nio-8080"]
2019-08-28 16:21:46,144 INFO org.springframework.boot.web.embedded.tomcat.TomcatWebServer [restartedMain] Tomcat started on port(s): 8080 (http) with context path '/deptree'
2019-08-28 16:21:46,148 INFO org.springframework.boot.StartupInfoLogger [restartedMain] Started DependencyBuilderApplication in 2.027 seconds (JVM running for 2.709)
2019-08-28 16:21:58,568 INFO org.apache.juli.logging.DirectJDKLog [http-nio-8080-exec-1] Initializing Spring DispatcherServlet 'dispatcherServlet'
2019-08-28 16:21:58,568 INFO org.springframework.web.servlet.FrameworkServlet [http-nio-8080-exec-1] Initializing Servlet 'dispatcherServlet'
2019-08-28 16:21:58,574 INFO org.springframework.web.servlet.FrameworkServlet [http-nio-8080-exec-1] Completed initialization in 6 ms
2019-08-28 16:21:58,671 INFO com.dtbuilder.controller.DependencyBuilderController [http-nio-8080-exec-1] Entry: handleInputFile
2019-08-28 16:22:09,109 INFO com.dtbuilder.controller.DependencyBuilderController [http-nio-8080-exec-3] Entry: handleInputFile
2019-08-28 22:38:11,073 INFO org.springframework.scheduling.concurrent.ExecutorConfigurationSupport [Thread-12] Shutting down ExecutorService 'applicationTaskExecutor'
