2019-09-27 16:25:18,771 INFO org.springframework.boot.StartupInfoLogger [main] Starting DependencyBuilderApplication on US5036NB with PID 21269 (/Users/kaimalrk/Learn/github/dependencytreebuilder/target/classes started by kaimalrk in /Users/kaimalrk/Learn/github/dependencytreebuilder)
2019-09-27 16:25:18,775 INFO org.springframework.boot.SpringApplication [main] No active profile set, falling back to default profiles: default
2019-09-27 16:25:19,621 INFO org.springframework.boot.web.embedded.tomcat.TomcatWebServer [main] Tomcat initialized with port(s): 8080 (http)
2019-09-27 16:25:19,636 INFO org.apache.juli.logging.DirectJDKLog [main] Initializing ProtocolHandler ["http-nio-8080"]
2019-09-27 16:25:19,644 INFO org.apache.juli.logging.DirectJDKLog [main] Starting service [Tomcat]
2019-09-27 16:25:19,644 INFO org.apache.juli.logging.DirectJDKLog [main] Starting Servlet engine: [Apache Tomcat/9.0.22]
2019-09-27 16:25:19,723 INFO org.apache.juli.logging.DirectJDKLog [main] Initializing Spring embedded WebApplicationContext
2019-09-27 16:25:19,724 INFO org.springframework.boot.web.servlet.context.ServletWebServerApplicationContext [main] Root WebApplicationContext: initialization completed in 910 ms
2019-09-27 16:25:19,906 INFO org.springframework.scheduling.concurrent.ExecutorConfigurationSupport [main] Initializing ExecutorService 'applicationTaskExecutor'
2019-09-27 16:25:20,052 INFO org.apache.juli.logging.DirectJDKLog [main] Starting ProtocolHandler ["http-nio-8080"]
2019-09-27 16:25:20,085 INFO org.springframework.boot.web.embedded.tomcat.TomcatWebServer [main] Tomcat started on port(s): 8080 (http) with context path '/deptree'
2019-09-27 16:25:20,089 INFO org.springframework.boot.StartupInfoLogger [main] Started DependencyBuilderApplication in 1.799 seconds (JVM running for 2.359)
2019-09-27 16:25:39,545 INFO org.apache.juli.logging.DirectJDKLog [http-nio-8080-exec-1] Initializing Spring DispatcherServlet 'dispatcherServlet'
2019-09-27 16:25:39,545 INFO org.springframework.web.servlet.FrameworkServlet [http-nio-8080-exec-1] Initializing Servlet 'dispatcherServlet'
2019-09-27 16:25:39,551 INFO org.springframework.web.servlet.FrameworkServlet [http-nio-8080-exec-1] Completed initialization in 6 ms
2019-09-27 16:25:39,595 INFO com.dtbuilder.controller.DependencyBuilderController [http-nio-8080-exec-1] Entry: handleInputFile
2019-09-27 16:25:41,014 INFO com.dtbuilder.controller.DependencyBuilderController [http-nio-8080-exec-3] Entry: handleInputFile
2019-09-27 16:25:41,016 INFO com.dtbuilder.processor.DependencyProcessor$RemotePOMReader [pool-1-thread-4] Checking artifact [spring-boot-starter-web,org.springframework.boot,2.1.7.RELEASE]
2019-09-27 16:25:41,016 INFO com.dtbuilder.processor.DependencyProcessor$RemotePOMReader [pool-1-thread-5] Checking artifact [spring-web,org.springframework,5.1.7.RELEASE]
2019-09-27 16:25:41,016 INFO com.dtbuilder.processor.DependencyProcessor$RemotePOMReader [pool-1-thread-6] Checking artifact [commons-lang3,org.apache.commons,3.0]
2019-09-27 16:25:41,016 INFO com.dtbuilder.processor.DependencyProcessor$RemotePOMReader [pool-1-thread-4] Checking repository [Central Repository,https://repo.maven.apache.org/maven2]
2019-09-27 16:25:41,016 INFO com.dtbuilder.processor.DependencyProcessor$RemotePOMReader [pool-1-thread-5] Checking repository [Central Repository,https://repo.maven.apache.org/maven2]
2019-09-27 16:25:41,016 INFO com.dtbuilder.processor.DependencyProcessor$RemotePOMReader [pool-1-thread-6] Checking repository [Central Repository,https://repo.maven.apache.org/maven2]
2019-09-27 16:25:49,080 INFO org.springframework.scheduling.concurrent.ExecutorConfigurationSupport [Thread-5] Shutting down ExecutorService 'applicationTaskExecutor'
2019-09-27 16:43:36,999 INFO org.springframework.boot.StartupInfoLogger [main] Starting DependencyBuilderApplication on US5036NB with PID 24674 (/Users/kaimalrk/Learn/github/dependencytreebuilder/target/classes started by kaimalrk in /Users/kaimalrk/Learn/github/dependencytreebuilder)
2019-09-27 16:43:37,005 INFO org.springframework.boot.SpringApplication [main] No active profile set, falling back to default profiles: default
2019-09-27 16:43:37,945 INFO org.springframework.boot.web.embedded.tomcat.TomcatWebServer [main] Tomcat initialized with port(s): 8080 (http)
2019-09-27 16:43:37,960 INFO org.apache.juli.logging.DirectJDKLog [main] Initializing ProtocolHandler ["http-nio-8080"]
2019-09-27 16:43:37,972 INFO org.apache.juli.logging.DirectJDKLog [main] Starting service [Tomcat]
2019-09-27 16:43:37,973 INFO org.apache.juli.logging.DirectJDKLog [main] Starting Servlet engine: [Apache Tomcat/9.0.22]
2019-09-27 16:43:38,059 INFO org.apache.juli.logging.DirectJDKLog [main] Initializing Spring embedded WebApplicationContext
2019-09-27 16:43:38,060 INFO org.springframework.boot.web.servlet.context.ServletWebServerApplicationContext [main] Root WebApplicationContext: initialization completed in 1005 ms
2019-09-27 16:43:38,261 INFO org.springframework.scheduling.concurrent.ExecutorConfigurationSupport [main] Initializing ExecutorService 'applicationTaskExecutor'
2019-09-27 16:43:38,388 INFO org.apache.juli.logging.DirectJDKLog [main] Starting ProtocolHandler ["http-nio-8080"]
2019-09-27 16:43:38,417 INFO org.springframework.boot.web.embedded.tomcat.TomcatWebServer [main] Tomcat started on port(s): 8080 (http) with context path '/deptree'
2019-09-27 16:43:38,420 INFO org.springframework.boot.StartupInfoLogger [main] Started DependencyBuilderApplication in 1.954 seconds (JVM running for 2.447)
2019-09-27 16:43:45,421 INFO org.apache.juli.logging.DirectJDKLog [http-nio-8080-exec-1] Initializing Spring DispatcherServlet 'dispatcherServlet'
2019-09-27 16:43:45,422 INFO org.springframework.web.servlet.FrameworkServlet [http-nio-8080-exec-1] Initializing Servlet 'dispatcherServlet'
2019-09-27 16:43:45,427 INFO org.springframework.web.servlet.FrameworkServlet [http-nio-8080-exec-1] Completed initialization in 5 ms
2019-09-27 16:43:45,469 INFO com.dtbuilder.controller.DependencyBuilderController [http-nio-8080-exec-1] Entry: handleInputFile
2019-09-27 16:43:46,788 INFO com.dtbuilder.controller.DependencyBuilderController [http-nio-8080-exec-3] Entry: handleInputFile
2019-09-27 16:43:56,823 INFO com.dtbuilder.controller.DependencyBuilderController [http-nio-8080-exec-4] Entry: handleInputFile
2019-09-27 16:44:08,537 INFO com.dtbuilder.controller.DependencyBuilderController [http-nio-8080-exec-5] Entry: handleInputFile
2019-09-27 16:44:09,855 INFO com.dtbuilder.controller.DependencyBuilderController [http-nio-8080-exec-6] Entry: handleInputFile
2019-09-27 16:44:36,690 INFO com.dtbuilder.controller.DependencyBuilderController [http-nio-8080-exec-7] Entry: handleInputFile
2019-09-27 16:44:55,714 INFO org.springframework.scheduling.concurrent.ExecutorConfigurationSupport [Thread-6] Shutting down ExecutorService 'applicationTaskExecutor'
2019-09-27 16:47:15,682 INFO org.springframework.boot.StartupInfoLogger [main] Starting DependencyBuilderApplication on US5036NB with PID 25358 (/Users/kaimalrk/Learn/github/dependencytreebuilder/target/classes started by kaimalrk in /Users/kaimalrk/Learn/github/dependencytreebuilder)
2019-09-27 16:47:15,686 INFO org.springframework.boot.SpringApplication [main] No active profile set, falling back to default profiles: default
2019-09-27 16:47:16,556 INFO org.springframework.boot.web.embedded.tomcat.TomcatWebServer [main] Tomcat initialized with port(s): 8080 (http)
2019-09-27 16:47:16,571 INFO org.apache.juli.logging.DirectJDKLog [main] Initializing ProtocolHandler ["http-nio-8080"]
2019-09-27 16:47:16,580 INFO org.apache.juli.logging.DirectJDKLog [main] Starting service [Tomcat]
2019-09-27 16:47:16,580 INFO org.apache.juli.logging.DirectJDKLog [main] Starting Servlet engine: [Apache Tomcat/9.0.22]
2019-09-27 16:47:16,665 INFO org.apache.juli.logging.DirectJDKLog [main] Initializing Spring embedded WebApplicationContext
2019-09-27 16:47:16,666 INFO org.springframework.boot.web.servlet.context.ServletWebServerApplicationContext [main] Root WebApplicationContext: initialization completed in 933 ms
2019-09-27 16:47:16,865 INFO org.springframework.scheduling.concurrent.ExecutorConfigurationSupport [main] Initializing ExecutorService 'applicationTaskExecutor'
2019-09-27 16:47:17,025 INFO org.apache.juli.logging.DirectJDKLog [main] Starting ProtocolHandler ["http-nio-8080"]
2019-09-27 16:47:17,055 INFO org.springframework.boot.web.embedded.tomcat.TomcatWebServer [main] Tomcat started on port(s): 8080 (http) with context path '/deptree'
2019-09-27 16:47:17,059 INFO org.springframework.boot.StartupInfoLogger [main] Started DependencyBuilderApplication in 1.899 seconds (JVM running for 2.399)
2019-09-27 16:47:20,411 INFO org.apache.juli.logging.DirectJDKLog [http-nio-8080-exec-2] Initializing Spring DispatcherServlet 'dispatcherServlet'
2019-09-27 16:47:20,411 INFO org.springframework.web.servlet.FrameworkServlet [http-nio-8080-exec-2] Initializing Servlet 'dispatcherServlet'
2019-09-27 16:47:20,418 INFO org.springframework.web.servlet.FrameworkServlet [http-nio-8080-exec-2] Completed initialization in 7 ms
2019-09-27 16:47:25,685 INFO com.dtbuilder.controller.DependencyBuilderController [http-nio-8080-exec-2] Entry: handleInputFile
2019-09-27 16:47:32,457 INFO com.dtbuilder.controller.DependencyBuilderController [http-nio-8080-exec-3] Entry: handleInputFile
2019-09-27 16:47:32,459 INFO com.dtbuilder.processor.DependencyProcessor$RemotePOMReader [pool-1-thread-4] Checking artifact [spring-boot-starter-web,org.springframework.boot,2.1.7.RELEASE]
2019-09-27 16:47:32,459 INFO com.dtbuilder.processor.DependencyProcessor$RemotePOMReader [pool-1-thread-5] Checking artifact [spring-web,org.springframework,5.1.7.RELEASE]
2019-09-27 16:47:32,459 INFO com.dtbuilder.processor.DependencyProcessor$RemotePOMReader [pool-1-thread-4] Checking repository [Central Repository,https://repo.maven.apache.org/maven2]
2019-09-27 16:47:32,459 INFO com.dtbuilder.processor.DependencyProcessor$RemotePOMReader [pool-1-thread-6] Checking artifact [commons-lang3,org.apache.commons,3.0]
2019-09-27 16:47:32,459 INFO com.dtbuilder.processor.DependencyProcessor$RemotePOMReader [pool-1-thread-5] Checking repository [Central Repository,https://repo.maven.apache.org/maven2]
2019-09-27 16:47:32,460 INFO com.dtbuilder.processor.DependencyProcessor$RemotePOMReader [pool-1-thread-6] Checking repository [Central Repository,https://repo.maven.apache.org/maven2]
2019-09-27 16:47:47,172 INFO org.springframework.scheduling.concurrent.ExecutorConfigurationSupport [Thread-6] Shutting down ExecutorService 'applicationTaskExecutor'
2019-09-27 16:48:30,669 INFO org.springframework.boot.StartupInfoLogger [main] Starting DependencyBuilderApplication on US5036NB with PID 25582 (/Users/kaimalrk/Learn/github/dependencytreebuilder/target/classes started by kaimalrk in /Users/kaimalrk/Learn/github/dependencytreebuilder)
2019-09-27 16:48:30,678 INFO org.springframework.boot.SpringApplication [main] No active profile set, falling back to default profiles: default
2019-09-27 16:48:31,660 INFO org.springframework.boot.web.embedded.tomcat.TomcatWebServer [main] Tomcat initialized with port(s): 8080 (http)
2019-09-27 16:48:31,674 INFO org.apache.juli.logging.DirectJDKLog [main] Initializing ProtocolHandler ["http-nio-8080"]
2019-09-27 16:48:31,682 INFO org.apache.juli.logging.DirectJDKLog [main] Starting service [Tomcat]
2019-09-27 16:48:31,682 INFO org.apache.juli.logging.DirectJDKLog [main] Starting Servlet engine: [Apache Tomcat/9.0.22]
2019-09-27 16:48:31,760 INFO org.apache.juli.logging.DirectJDKLog [main] Initializing Spring embedded WebApplicationContext
2019-09-27 16:48:31,760 INFO org.springframework.boot.web.servlet.context.ServletWebServerApplicationContext [main] Root WebApplicationContext: initialization completed in 1025 ms
2019-09-27 16:48:31,944 INFO org.springframework.scheduling.concurrent.ExecutorConfigurationSupport [main] Initializing ExecutorService 'applicationTaskExecutor'
2019-09-27 16:48:32,094 INFO org.apache.juli.logging.DirectJDKLog [main] Starting ProtocolHandler ["http-nio-8080"]
2019-09-27 16:48:32,125 INFO org.springframework.boot.web.embedded.tomcat.TomcatWebServer [main] Tomcat started on port(s): 8080 (http) with context path '/deptree'
2019-09-27 16:48:32,128 INFO org.springframework.boot.StartupInfoLogger [main] Started DependencyBuilderApplication in 2.023 seconds (JVM running for 2.563)
2019-09-27 16:48:36,689 INFO org.apache.juli.logging.DirectJDKLog [http-nio-8080-exec-2] Initializing Spring DispatcherServlet 'dispatcherServlet'
2019-09-27 16:48:36,690 INFO org.springframework.web.servlet.FrameworkServlet [http-nio-8080-exec-2] Initializing Servlet 'dispatcherServlet'
2019-09-27 16:48:36,696 INFO org.springframework.web.servlet.FrameworkServlet [http-nio-8080-exec-2] Completed initialization in 6 ms
2019-09-27 16:48:36,744 INFO com.dtbuilder.controller.DependencyBuilderController [http-nio-8080-exec-2] Entry: handleInputFile
2019-09-27 16:48:37,813 INFO com.dtbuilder.controller.DependencyBuilderController [http-nio-8080-exec-3] Entry: handleInputFile
2019-09-27 16:48:37,814 INFO com.dtbuilder.processor.DependencyProcessor$RemotePOMReader [pool-1-thread-4] Checking artifact [spring-boot-starter-web,org.springframework.boot,2.1.7.RELEASE]
2019-09-27 16:48:37,814 INFO com.dtbuilder.processor.DependencyProcessor$RemotePOMReader [pool-1-thread-5] Checking artifact [spring-web,org.springframework,5.1.7.RELEASE]
2019-09-27 16:48:37,814 INFO com.dtbuilder.processor.DependencyProcessor$RemotePOMReader [pool-1-thread-6] Checking artifact [commons-lang3,org.apache.commons,3.0]
2019-09-27 16:48:37,815 INFO com.dtbuilder.processor.DependencyProcessor$RemotePOMReader [pool-1-thread-4] Checking repository [Central Repository,https://repo.maven.apache.org/maven2]
2019-09-27 16:48:37,815 INFO com.dtbuilder.processor.DependencyProcessor$RemotePOMReader [pool-1-thread-6] Checking repository [Central Repository,https://repo.maven.apache.org/maven2]
2019-09-27 16:48:37,815 INFO com.dtbuilder.processor.DependencyProcessor$RemotePOMReader [pool-1-thread-5] Checking repository [Central Repository,https://repo.maven.apache.org/maven2]
2019-09-27 16:48:48,839 INFO com.dtbuilder.controller.DependencyBuilderController [http-nio-8080-exec-4] Entry: handleInputFile
2019-09-27 16:48:48,841 INFO com.dtbuilder.processor.DependencyProcessor$RemotePOMReader [pool-1-thread-7] Checking artifact [spring-boot-starter-web,org.springframework.boot,2.1.7.RELEASE]
2019-09-27 16:48:48,841 INFO com.dtbuilder.processor.DependencyProcessor$RemotePOMReader [pool-1-thread-8] Checking artifact [spring-web,org.springframework,5.1.7.RELEASE]
2019-09-27 16:48:48,841 INFO com.dtbuilder.processor.DependencyProcessor$RemotePOMReader [pool-1-thread-7] Checking repository [Central Repository,https://repo.maven.apache.org/maven2]
2019-09-27 16:48:48,841 INFO com.dtbuilder.processor.DependencyProcessor$RemotePOMReader [pool-1-thread-8] Checking repository [Central Repository,https://repo.maven.apache.org/maven2]
2019-09-27 16:48:48,842 INFO com.dtbuilder.processor.DependencyProcessor$RemotePOMReader [pool-1-thread-9] Checking artifact [commons-lang3,org.apache.commons,3.0]
2019-09-27 16:48:48,842 INFO com.dtbuilder.processor.DependencyProcessor$RemotePOMReader [pool-1-thread-9] Checking repository [Central Repository,https://repo.maven.apache.org/maven2]
2019-09-27 16:49:44,209 INFO org.springframework.scheduling.concurrent.ExecutorConfigurationSupport [Thread-6] Shutting down ExecutorService 'applicationTaskExecutor'
2019-09-27 16:57:54,787 INFO org.springframework.boot.StartupInfoLogger [main] Starting DependencyBuilderApplication on US5036NB with PID 27305 (/Users/kaimalrk/Learn/github/dependencytreebuilder/target/classes started by kaimalrk in /Users/kaimalrk/Learn/github/dependencytreebuilder)
2019-09-27 16:57:54,790 INFO org.springframework.boot.SpringApplication [main] No active profile set, falling back to default profiles: default
2019-09-27 16:57:55,667 INFO org.springframework.boot.web.embedded.tomcat.TomcatWebServer [main] Tomcat initialized with port(s): 8080 (http)
2019-09-27 16:57:55,682 INFO org.apache.juli.logging.DirectJDKLog [main] Initializing ProtocolHandler ["http-nio-8080"]
2019-09-27 16:57:55,691 INFO org.apache.juli.logging.DirectJDKLog [main] Starting service [Tomcat]
2019-09-27 16:57:55,692 INFO org.apache.juli.logging.DirectJDKLog [main] Starting Servlet engine: [Apache Tomcat/9.0.22]
2019-09-27 16:57:55,778 INFO org.apache.juli.logging.DirectJDKLog [main] Initializing Spring embedded WebApplicationContext
2019-09-27 16:57:55,778 INFO org.springframework.boot.web.servlet.context.ServletWebServerApplicationContext [main] Root WebApplicationContext: initialization completed in 930 ms
2019-09-27 16:57:55,992 INFO org.springframework.scheduling.concurrent.ExecutorConfigurationSupport [main] Initializing ExecutorService 'applicationTaskExecutor'
2019-09-27 16:57:56,158 INFO org.apache.juli.logging.DirectJDKLog [main] Starting ProtocolHandler ["http-nio-8080"]
2019-09-27 16:57:56,192 INFO org.springframework.boot.web.embedded.tomcat.TomcatWebServer [main] Tomcat started on port(s): 8080 (http) with context path '/deptree'
2019-09-27 16:57:56,196 INFO org.springframework.boot.StartupInfoLogger [main] Started DependencyBuilderApplication in 1.975 seconds (JVM running for 2.506)
2019-09-27 16:58:00,561 INFO org.apache.juli.logging.DirectJDKLog [http-nio-8080-exec-1] Initializing Spring DispatcherServlet 'dispatcherServlet'
2019-09-27 16:58:00,561 INFO org.springframework.web.servlet.FrameworkServlet [http-nio-8080-exec-1] Initializing Servlet 'dispatcherServlet'
2019-09-27 16:58:00,567 INFO org.springframework.web.servlet.FrameworkServlet [http-nio-8080-exec-1] Completed initialization in 6 ms
2019-09-27 16:58:00,609 INFO com.dtbuilder.controller.DependencyBuilderController [http-nio-8080-exec-1] Entry: handleInputFile
2019-09-27 16:58:01,829 INFO com.dtbuilder.controller.DependencyBuilderController [http-nio-8080-exec-3] Entry: handleInputFile
2019-09-27 16:58:01,831 INFO com.dtbuilder.processor.DependencyProcessor$RemotePOMReader [pool-1-thread-4] Checking artifact [spring-boot-starter-web,org.springframework.boot,2.1.7.RELEASE]
2019-09-27 16:58:01,831 INFO com.dtbuilder.processor.DependencyProcessor$RemotePOMReader [pool-1-thread-6] Checking artifact [commons-lang3,org.apache.commons,3.0]
2019-09-27 16:58:01,831 INFO com.dtbuilder.processor.DependencyProcessor$RemotePOMReader [pool-1-thread-4] Checking repository [Central Repository,https://repo.maven.apache.org/maven2]
2019-09-27 16:58:01,831 INFO com.dtbuilder.processor.DependencyProcessor$RemotePOMReader [pool-1-thread-6] Checking repository [Central Repository,https://repo.maven.apache.org/maven2]
2019-09-27 16:58:01,831 INFO com.dtbuilder.processor.DependencyProcessor$RemotePOMReader [pool-1-thread-5] Checking artifact [spring-web,org.springframework,5.1.7.RELEASE]
2019-09-27 16:58:01,831 INFO com.dtbuilder.processor.DependencyProcessor$RemotePOMReader [pool-1-thread-5] Checking repository [Central Repository,https://repo.maven.apache.org/maven2]
2019-09-27 16:58:10,844 INFO org.springframework.scheduling.concurrent.ExecutorConfigurationSupport [Thread-6] Shutting down ExecutorService 'applicationTaskExecutor'
2019-09-27 17:01:50,592 INFO org.springframework.boot.StartupInfoLogger [main] Starting DependencyBuilderApplication on US5036NB with PID 28029 (/Users/kaimalrk/Learn/github/dependencytreebuilder/target/classes started by kaimalrk in /Users/kaimalrk/Learn/github/dependencytreebuilder)
2019-09-27 17:01:50,596 INFO org.springframework.boot.SpringApplication [main] No active profile set, falling back to default profiles: default
2019-09-27 17:01:51,429 INFO org.springframework.boot.web.embedded.tomcat.TomcatWebServer [main] Tomcat initialized with port(s): 8080 (http)
2019-09-27 17:01:51,440 INFO org.apache.juli.logging.DirectJDKLog [main] Initializing ProtocolHandler ["http-nio-8080"]
2019-09-27 17:01:51,448 INFO org.apache.juli.logging.DirectJDKLog [main] Starting service [Tomcat]
2019-09-27 17:01:51,448 INFO org.apache.juli.logging.DirectJDKLog [main] Starting Servlet engine: [Apache Tomcat/9.0.22]
2019-09-27 17:01:51,520 INFO org.apache.juli.logging.DirectJDKLog [main] Initializing Spring embedded WebApplicationContext
2019-09-27 17:01:51,521 INFO org.springframework.boot.web.servlet.context.ServletWebServerApplicationContext [main] Root WebApplicationContext: initialization completed in 891 ms
2019-09-27 17:02:09,799 INFO org.springframework.scheduling.concurrent.ExecutorConfigurationSupport [main] Initializing ExecutorService 'applicationTaskExecutor'
2019-09-27 17:02:09,949 INFO org.apache.juli.logging.DirectJDKLog [main] Starting ProtocolHandler ["http-nio-8080"]
2019-09-27 17:02:09,979 INFO org.springframework.boot.web.embedded.tomcat.TomcatWebServer [main] Tomcat started on port(s): 8080 (http) with context path '/deptree'
2019-09-27 17:02:09,990 INFO org.springframework.boot.StartupInfoLogger [main] Started DependencyBuilderApplication in 19.815 seconds (JVM running for 20.32)
2019-09-27 17:02:38,226 INFO org.apache.juli.logging.DirectJDKLog [http-nio-8080-exec-1] Initializing Spring DispatcherServlet 'dispatcherServlet'
2019-09-27 17:02:38,226 INFO org.springframework.web.servlet.FrameworkServlet [http-nio-8080-exec-1] Initializing Servlet 'dispatcherServlet'
2019-09-27 17:02:38,231 INFO org.springframework.web.servlet.FrameworkServlet [http-nio-8080-exec-1] Completed initialization in 4 ms
2019-09-27 17:02:38,272 INFO com.dtbuilder.controller.DependencyBuilderController [http-nio-8080-exec-1] Entry: handleInputFile
2019-09-27 17:03:06,302 INFO org.springframework.scheduling.concurrent.ExecutorConfigurationSupport [Thread-6] Shutting down ExecutorService 'applicationTaskExecutor'
2019-09-27 17:03:42,171 INFO org.springframework.boot.StartupInfoLogger [main] Starting DependencyBuilderApplication on US5036NB with PID 28391 (/Users/kaimalrk/Learn/github/dependencytreebuilder/target/classes started by kaimalrk in /Users/kaimalrk/Learn/github/dependencytreebuilder)
2019-09-27 17:03:42,175 INFO org.springframework.boot.SpringApplication [main] No active profile set, falling back to default profiles: default
2019-09-27 17:03:43,005 INFO org.springframework.boot.web.embedded.tomcat.TomcatWebServer [main] Tomcat initialized with port(s): 8080 (http)
2019-09-27 17:03:43,017 INFO org.apache.juli.logging.DirectJDKLog [main] Initializing ProtocolHandler ["http-nio-8080"]
2019-09-27 17:03:43,026 INFO org.apache.juli.logging.DirectJDKLog [main] Starting service [Tomcat]
2019-09-27 17:03:43,027 INFO org.apache.juli.logging.DirectJDKLog [main] Starting Servlet engine: [Apache Tomcat/9.0.22]
2019-09-27 17:03:43,089 INFO org.apache.juli.logging.DirectJDKLog [main] Initializing Spring embedded WebApplicationContext
2019-09-27 17:03:43,089 INFO org.springframework.boot.web.servlet.context.ServletWebServerApplicationContext [main] Root WebApplicationContext: initialization completed in 865 ms
2019-09-27 17:03:43,267 INFO org.springframework.scheduling.concurrent.ExecutorConfigurationSupport [main] Initializing ExecutorService 'applicationTaskExecutor'
2019-09-27 17:03:43,405 INFO org.apache.juli.logging.DirectJDKLog [main] Starting ProtocolHandler ["http-nio-8080"]
2019-09-27 17:03:43,433 INFO org.springframework.boot.web.embedded.tomcat.TomcatWebServer [main] Tomcat started on port(s): 8080 (http) with context path '/deptree'
2019-09-27 17:03:43,437 INFO org.springframework.boot.StartupInfoLogger [main] Started DependencyBuilderApplication in 1.759 seconds (JVM running for 2.261)
2019-09-27 17:03:46,838 INFO org.apache.juli.logging.DirectJDKLog [http-nio-8080-exec-2] Initializing Spring DispatcherServlet 'dispatcherServlet'
2019-09-27 17:03:46,838 INFO org.springframework.web.servlet.FrameworkServlet [http-nio-8080-exec-2] Initializing Servlet 'dispatcherServlet'
2019-09-27 17:03:46,844 INFO org.springframework.web.servlet.FrameworkServlet [http-nio-8080-exec-2] Completed initialization in 6 ms
2019-09-27 17:03:46,880 INFO com.dtbuilder.controller.DependencyBuilderController [http-nio-8080-exec-2] Entry: handleInputFile
2019-09-27 17:03:56,307 INFO com.dtbuilder.controller.DependencyBuilderController [http-nio-8080-exec-3] Entry: handleInputFile
2019-09-27 17:04:57,862 INFO org.springframework.scheduling.concurrent.ExecutorConfigurationSupport [Thread-5] Shutting down ExecutorService 'applicationTaskExecutor'
