2019-10-03 22:50:45,875 INFO org.springframework.boot.StartupInfoLogger [main] Starting DependencyBuilderApplication on US5036NB with PID 21180 (/Users/kaimalrk/Learn/github/dependencytreebuilder/target/classes started by kaimalrk in /Users/kaimalrk/Learn/github/dependencytreebuilder)
2019-10-03 22:50:45,880 INFO org.springframework.boot.SpringApplication [main] No active profile set, falling back to default profiles: default
2019-10-03 22:50:46,828 INFO org.springframework.boot.web.embedded.tomcat.TomcatWebServer [main] Tomcat initialized with port(s): 8080 (http)
2019-10-03 22:50:46,844 INFO org.apache.juli.logging.DirectJDKLog [main] Initializing ProtocolHandler ["http-nio-8080"]
2019-10-03 22:50:46,853 INFO org.apache.juli.logging.DirectJDKLog [main] Starting service [Tomcat]
2019-10-03 22:50:46,854 INFO org.apache.juli.logging.DirectJDKLog [main] Starting Servlet engine: [Apache Tomcat/9.0.22]
2019-10-03 22:50:46,947 INFO org.apache.juli.logging.DirectJDKLog [main] Initializing Spring embedded WebApplicationContext
2019-10-03 22:50:46,947 INFO org.springframework.boot.web.servlet.context.ServletWebServerApplicationContext [main] Root WebApplicationContext: initialization completed in 1017 ms
2019-10-03 22:50:47,010 INFO com.dtbuilder.processor.POMFileProcessor [main] Bean init method called.
2019-10-03 22:50:47,157 INFO org.springframework.scheduling.concurrent.ExecutorConfigurationSupport [main] Initializing ExecutorService 'applicationTaskExecutor'
2019-10-03 22:50:47,316 INFO org.apache.juli.logging.DirectJDKLog [main] Starting ProtocolHandler ["http-nio-8080"]
2019-10-03 22:50:47,346 INFO org.springframework.boot.web.embedded.tomcat.TomcatWebServer [main] Tomcat started on port(s): 8080 (http) with context path '/deptree'
2019-10-03 22:50:47,351 INFO org.springframework.boot.StartupInfoLogger [main] Started DependencyBuilderApplication in 2.036 seconds (JVM running for 2.599)
2019-10-03 22:50:53,246 INFO org.apache.juli.logging.DirectJDKLog [http-nio-8080-exec-2] Initializing Spring DispatcherServlet 'dispatcherServlet'
2019-10-03 22:50:53,247 INFO org.springframework.web.servlet.FrameworkServlet [http-nio-8080-exec-2] Initializing Servlet 'dispatcherServlet'
2019-10-03 22:50:53,259 INFO org.springframework.web.servlet.FrameworkServlet [http-nio-8080-exec-2] Completed initialization in 12 ms
2019-10-03 22:50:53,314 INFO com.dtbuilder.controller.DependencyBuilderController [http-nio-8080-exec-2] Entry: handleInputFile
2019-10-03 22:51:00,819 INFO com.dtbuilder.processor.DependencyProcessor$RemotePOMReader [pool-1-thread-1] Checking artifact [commons-lang3,org.apache.commons,3.0]
2019-10-03 22:51:00,820 INFO com.dtbuilder.processor.DependencyProcessor$RemotePOMReader [pool-1-thread-1] Checking repository [Central Repository,https://repo.maven.apache.org/maven2]
2019-10-03 22:51:01,375 INFO com.dtbuilder.processor.DependencyProcessor$RemotePOMReader [pool-1-thread-3] Checking artifact [easymock,org.easymock,2.5.2]
2019-10-03 22:51:01,375 INFO com.dtbuilder.processor.DependencyProcessor$RemotePOMReader [pool-1-thread-2] Checking artifact [junit,junit,4.7]
2019-10-03 22:51:01,375 INFO com.dtbuilder.processor.DependencyProcessor$RemotePOMReader [pool-1-thread-3] Checking repository [Central Repository,https://repo.maven.apache.org/maven2]
2019-10-03 22:51:01,375 INFO com.dtbuilder.processor.DependencyProcessor$RemotePOMReader [pool-1-thread-2] Checking repository [Central Repository,https://repo.maven.apache.org/maven2]
2019-10-03 22:55:45,874 INFO com.dtbuilder.controller.DependencyBuilderController [http-nio-8080-exec-2] com.dtbuilder.artifacts.Artifact@47c8b7a8
2019-10-03 22:55:45,933 INFO org.springframework.scheduling.concurrent.ExecutorConfigurationSupport [Thread-6] Shutting down ExecutorService 'applicationTaskExecutor'
2019-10-03 22:55:51,625 INFO org.springframework.boot.StartupInfoLogger [main] Starting DependencyBuilderApplication on US5036NB with PID 22104 (/Users/kaimalrk/Learn/github/dependencytreebuilder/target/classes started by kaimalrk in /Users/kaimalrk/Learn/github/dependencytreebuilder)
2019-10-03 22:55:51,629 INFO org.springframework.boot.SpringApplication [main] No active profile set, falling back to default profiles: default
2019-10-03 22:55:52,417 INFO org.springframework.boot.web.embedded.tomcat.TomcatWebServer [main] Tomcat initialized with port(s): 8080 (http)
2019-10-03 22:55:52,430 INFO org.apache.juli.logging.DirectJDKLog [main] Initializing ProtocolHandler ["http-nio-8080"]
2019-10-03 22:55:52,438 INFO org.apache.juli.logging.DirectJDKLog [main] Starting service [Tomcat]
2019-10-03 22:55:52,438 INFO org.apache.juli.logging.DirectJDKLog [main] Starting Servlet engine: [Apache Tomcat/9.0.22]
2019-10-03 22:55:52,502 INFO org.apache.juli.logging.DirectJDKLog [main] Initializing Spring embedded WebApplicationContext
2019-10-03 22:55:52,503 INFO org.springframework.boot.web.servlet.context.ServletWebServerApplicationContext [main] Root WebApplicationContext: initialization completed in 782 ms
2019-10-03 22:55:52,549 INFO com.dtbuilder.processor.POMFileProcessor [main] Bean init method called.
2019-10-03 22:55:52,677 INFO org.springframework.scheduling.concurrent.ExecutorConfigurationSupport [main] Initializing ExecutorService 'applicationTaskExecutor'
2019-10-03 22:55:52,813 INFO org.apache.juli.logging.DirectJDKLog [main] Starting ProtocolHandler ["http-nio-8080"]
2019-10-03 22:55:52,842 INFO org.springframework.boot.web.embedded.tomcat.TomcatWebServer [main] Tomcat started on port(s): 8080 (http) with context path '/deptree'
2019-10-03 22:55:52,847 INFO org.springframework.boot.StartupInfoLogger [main] Started DependencyBuilderApplication in 1.754 seconds (JVM running for 2.268)
2019-10-03 22:55:57,841 INFO org.apache.juli.logging.DirectJDKLog [http-nio-8080-exec-1] Initializing Spring DispatcherServlet 'dispatcherServlet'
2019-10-03 22:55:57,841 INFO org.springframework.web.servlet.FrameworkServlet [http-nio-8080-exec-1] Initializing Servlet 'dispatcherServlet'
2019-10-03 22:55:57,848 INFO org.springframework.web.servlet.FrameworkServlet [http-nio-8080-exec-1] Completed initialization in 7 ms
2019-10-03 22:55:57,910 INFO com.dtbuilder.controller.DependencyBuilderController [http-nio-8080-exec-1] Entry: handleInputFile
2019-10-03 22:55:57,917 INFO com.dtbuilder.processor.DependencyProcessor$RemotePOMReader [pool-1-thread-1] Checking artifact [commons-lang3,org.apache.commons,3.0]
2019-10-03 22:55:57,918 INFO com.dtbuilder.processor.DependencyProcessor$RemotePOMReader [pool-1-thread-1] Checking repository [Central Repository,https://repo.maven.apache.org/maven2]
2019-10-03 22:55:58,401 INFO com.dtbuilder.processor.DependencyProcessor$RemotePOMReader [pool-1-thread-2] Checking artifact [junit,junit,4.7]
2019-10-03 22:55:58,402 INFO com.dtbuilder.processor.DependencyProcessor$RemotePOMReader [pool-1-thread-3] Checking artifact [easymock,org.easymock,2.5.2]
2019-10-03 22:55:58,402 INFO com.dtbuilder.processor.DependencyProcessor$RemotePOMReader [pool-1-thread-2] Checking repository [Central Repository,https://repo.maven.apache.org/maven2]
2019-10-03 22:55:58,402 INFO com.dtbuilder.processor.DependencyProcessor$RemotePOMReader [pool-1-thread-3] Checking repository [Central Repository,https://repo.maven.apache.org/maven2]
2019-10-03 22:56:22,922 INFO com.dtbuilder.controller.DependencyBuilderController [http-nio-8080-exec-1] com.dtbuilder.artifacts.Artifact@4da21886
2019-10-03 23:00:10,222 INFO org.springframework.scheduling.concurrent.ExecutorConfigurationSupport [Thread-5] Shutting down ExecutorService 'applicationTaskExecutor'
2019-10-03 23:00:15,794 INFO org.springframework.boot.StartupInfoLogger [main] Starting DependencyBuilderApplication on US5036NB with PID 22917 (/Users/kaimalrk/Learn/github/dependencytreebuilder/target/classes started by kaimalrk in /Users/kaimalrk/Learn/github/dependencytreebuilder)
2019-10-03 23:00:15,798 INFO org.springframework.boot.SpringApplication [main] No active profile set, falling back to default profiles: default
2019-10-03 23:00:16,640 INFO org.springframework.boot.web.embedded.tomcat.TomcatWebServer [main] Tomcat initialized with port(s): 8080 (http)
2019-10-03 23:00:16,651 INFO org.apache.juli.logging.DirectJDKLog [main] Initializing ProtocolHandler ["http-nio-8080"]
2019-10-03 23:00:16,658 INFO org.apache.juli.logging.DirectJDKLog [main] Starting service [Tomcat]
2019-10-03 23:00:16,658 INFO org.apache.juli.logging.DirectJDKLog [main] Starting Servlet engine: [Apache Tomcat/9.0.22]
2019-10-03 23:00:16,724 INFO org.apache.juli.logging.DirectJDKLog [main] Initializing Spring embedded WebApplicationContext
2019-10-03 23:00:16,724 INFO org.springframework.boot.web.servlet.context.ServletWebServerApplicationContext [main] Root WebApplicationContext: initialization completed in 884 ms
2019-10-03 23:00:16,768 INFO com.dtbuilder.processor.POMFileProcessor [main] Bean init method called.
2019-10-03 23:00:16,897 INFO org.springframework.scheduling.concurrent.ExecutorConfigurationSupport [main] Initializing ExecutorService 'applicationTaskExecutor'
2019-10-03 23:00:17,037 INFO org.apache.juli.logging.DirectJDKLog [main] Starting ProtocolHandler ["http-nio-8080"]
2019-10-03 23:00:17,066 INFO org.springframework.boot.web.embedded.tomcat.TomcatWebServer [main] Tomcat started on port(s): 8080 (http) with context path '/deptree'
2019-10-03 23:00:17,070 INFO org.springframework.boot.StartupInfoLogger [main] Started DependencyBuilderApplication in 1.74 seconds (JVM running for 2.229)
2019-10-03 23:00:27,008 INFO org.apache.juli.logging.DirectJDKLog [http-nio-8080-exec-1] Initializing Spring DispatcherServlet 'dispatcherServlet'
2019-10-03 23:00:27,008 INFO org.springframework.web.servlet.FrameworkServlet [http-nio-8080-exec-1] Initializing Servlet 'dispatcherServlet'
2019-10-03 23:00:27,013 INFO org.springframework.web.servlet.FrameworkServlet [http-nio-8080-exec-1] Completed initialization in 5 ms
2019-10-03 23:00:27,053 INFO com.dtbuilder.controller.DependencyBuilderController [http-nio-8080-exec-1] Entry: handleInputFile
2019-10-03 23:00:27,062 INFO com.dtbuilder.processor.DependencyProcessor$RemotePOMReader [pool-1-thread-1] Checking artifact [commons-lang3,org.apache.commons,3.0]
2019-10-03 23:00:27,063 INFO com.dtbuilder.processor.DependencyProcessor$RemotePOMReader [pool-1-thread-1] Checking repository [Central Repository,https://repo.maven.apache.org/maven2]
2019-10-03 23:01:29,897 INFO com.dtbuilder.controller.DependencyBuilderController [http-nio-8080-exec-1] com.dtbuilder.artifacts.Artifact@1b5fd4b7
2019-10-03 23:04:24,784 INFO com.dtbuilder.processor.DependencyProcessor$RemotePOMReader [pool-1-thread-2] Checking artifact [junit,junit,4.7]
2019-10-03 23:06:01,434 INFO com.dtbuilder.processor.DependencyProcessor$RemotePOMReader [pool-1-thread-2] Checking repository [Central Repository,https://repo.maven.apache.org/maven2]
2019-10-03 23:06:01,443 INFO com.dtbuilder.processor.DependencyProcessor$RemotePOMReader [pool-1-thread-3] Checking artifact [easymock,org.easymock,2.5.2]
2019-10-03 23:06:01,487 INFO com.dtbuilder.processor.DependencyProcessor$RemotePOMReader [pool-1-thread-3] Checking repository [Central Repository,https://repo.maven.apache.org/maven2]
